2015-01-26 11:21:44,089 | ERROR | [main] | org.logicalcobwebs.proxool.ProxoolDriver:connect(108) ----> Problem 
org.logicalcobwebs.proxool.ProxoolException: Attempt to refer to a unregistered pool by its alias 'MySQL'
	at org.logicalcobwebs.proxool.ConnectionPoolDefinition.doChange(ConnectionPoolDefinition.java:246)
	at org.logicalcobwebs.proxool.ConnectionPoolDefinition.<init>(ConnectionPoolDefinition.java:143)
	at org.logicalcobwebs.proxool.ProxoolFacade.registerConnectionPool(ProxoolFacade.java:96)
	at org.logicalcobwebs.proxool.ProxoolDriver.connect(ProxoolDriver.java:77)
	at java.sql.DriverManager.getConnection(DriverManager.java:582)
	at java.sql.DriverManager.getConnection(DriverManager.java:207)
	at db.connect.MyConnection.getConnection(MyConnection.java:42)
	at db.connect.MyGetData.getConnection(MyGetData.java:36)
	at db.connect.MyGetData.GetData_Query(MyGetData.java:73)
	at db.define.DBConfig.FisrtTestConnection(DBConfig.java:230)
	at MyProcessServer.Program.Init(Program.java:95)
	at MyProcessServer.Program.<init>(Program.java:81)
	at MyProcessServer.Program.main(Program.java:337)
2015-01-26 11:25:28,010 | ERROR | [main] | org.logicalcobwebs.proxool.ProxoolDriver:connect(108) ----> Problem 
org.logicalcobwebs.proxool.ProxoolException: Attempt to refer to a unregistered pool by its alias 'MySQL'
	at org.logicalcobwebs.proxool.ConnectionPoolDefinition.doChange(ConnectionPoolDefinition.java:246)
	at org.logicalcobwebs.proxool.ConnectionPoolDefinition.<init>(ConnectionPoolDefinition.java:143)
	at org.logicalcobwebs.proxool.ProxoolFacade.registerConnectionPool(ProxoolFacade.java:96)
	at org.logicalcobwebs.proxool.ProxoolDriver.connect(ProxoolDriver.java:77)
	at java.sql.DriverManager.getConnection(DriverManager.java:582)
	at java.sql.DriverManager.getConnection(DriverManager.java:207)
	at db.connect.MyConnection.getConnection(MyConnection.java:42)
	at db.connect.MyGetData.getConnection(MyGetData.java:36)
	at db.connect.MyGetData.GetData_Query(MyGetData.java:73)
	at db.define.DBConfig.FisrtTestConnection(DBConfig.java:230)
	at MyProcessServer.Program.Init(Program.java:95)
	at MyProcessServer.Program.<init>(Program.java:81)
	at MyProcessServer.Program.main(Program.java:337)
