2016-01-22 17:15:32,018 | ERROR | [main] | class MyProcessServer.Program:<init>(93) ----> com.mysql.jdbc.exceptions.jdbc4.CommunicationsException: Communications link failure

The last packet sent successfully to the server was 0 milliseconds ago. The driver has not received any packets from the server. 
2016-01-22 17:15:32,028 |  INFO | [Thread-0] | class MyProcessServer.Program:runthread(379) ----> {runthread}{Start:MyThread.MOForwardThread} 
2016-01-22 17:15:32,056 | DEBUG | [Thread-0] | class MyProcessServer.Program:run(363) ----> Listen MO............................................................... 
2016-01-22 17:28:27,335 | ERROR | [main] | class MyProcessServer.Program:<init>(93) ----> com.mysql.jdbc.exceptions.jdbc4.MySQLSyntaxErrorException: Unknown database 'dataprocess' 
2016-01-22 17:28:27,345 |  INFO | [Thread-0] | class MyProcessServer.Program:runthread(379) ----> {runthread}{Start:MyThread.MOForwardThread} 
2016-01-22 17:28:27,366 | DEBUG | [Thread-0] | class MyProcessServer.Program:run(363) ----> Listen MO............................................................... 
2016-01-22 17:28:27,366 | ERROR | [Thread-5] | class MyThread.MOForwardThread:run(252) ----> com.mysql.jdbc.exceptions.jdbc4.MySQLSyntaxErrorException: Unknown database 'dataprocess' 
2016-01-22 17:33:08,122 |  INFO | [Thread-4] | class MyProcessServer.ProcessLoadKeyword:run(115) ----> LoadConfig - Start 
2016-01-22 17:33:08,204 | DEBUG | [main] | class MyProcessServer.Program:Init(125) ----> Loaded. 
2016-01-22 17:33:08,204 |  INFO | [main] | class MyProcessServer.Program:loadSMSDataTable(234) ----> loadSMSDataTable:data.dat 
2016-01-22 17:33:08,204 |  INFO | [main] | class MyProcessServer.Program:loadSMSDataTable(243) ----> data.dat is empty 
2016-01-22 17:33:08,204 |  INFO | [main] | class MyProcessServer.Program:loadSMSDataTable(286) ----> Deleting.....: data.dat 
2016-01-22 17:33:08,204 |  INFO | [main] | class MyProcessServer.Program:loadSMSDataTable(234) ----> loadSMSDataTable:receivelog.dat 
2016-01-22 17:33:08,204 |  INFO | [main] | class MyProcessServer.Program:loadSMSDataTable(243) ----> receivelog.dat is empty 
2016-01-22 17:33:08,204 |  INFO | [main] | class MyProcessServer.Program:loadSMSDataTable(286) ----> Deleting.....: receivelog.dat 
2016-01-22 17:33:08,204 | DEBUG | [main] | class MyProcessServer.Program:Init(132) ----> Start: LoadMO 
2016-01-22 17:33:08,247 | DEBUG | [main] | class MyProcessServer.Program:Init(145) ----> Start: ExecuteQueue 
2016-01-22 17:33:08,336 | DEBUG | [main] | class MyProcessServer.Program:Init(153) ----> Start: ExecuteInsertReceiveLog 
2016-01-22 17:33:08,356 |  INFO | [Thread-0] | class MyProcessServer.Program:runthread(379) ----> {runthread}{Start:MyThread.MOForwardThread} 
2016-01-22 17:33:08,366 | DEBUG | [Thread-0] | class MyProcessServer.Program:run(363) ----> Listen MO............................................................... 
2016-01-22 17:33:08,408 |  INFO | [Thread-22] | class MyProcessServer.Common:sendMT1(157) ----> SendMT-->ServiceID:6083 || MSISDN:84979967755 || Keyword:TPBD || Info:Yeu cau cua ban tam thoi chua thuc hien duoc.Vui long quay lai vao lan sau. || MessageType:2 || ContentType:21 || RequestID:123 || RequestTime:2014-06-20 09:40:17.0 || ChannelType:1 || TenDV: || MaDV: || MO:TPBD ||  Note: 
2016-01-22 17:33:08,418 |  INFO | [Thread-22] | class MyProcessServer.Common:sendMT1(157) ----> SendMT-->ServiceID:6083 || MSISDN:84909967755 || Keyword:TPBD || Info:Yeu cau cua ban tam thoi chua thuc hien duoc.Vui long quay lai vao lan sau. || MessageType:2 || ContentType:21 || RequestID:123 || RequestTime:2014-06-20 09:43:15.0 || ChannelType:1 || TenDV: || MaDV: || MO:TPBD ||  Note: 
