2014-10-09 14:30:21,892 |  INFO | [Thread-4] | class pro.server.ProcessLoadKeyword:run(115) ----> LoadConfig - Start 
2014-10-09 14:30:23,357 | DEBUG | [main] | class pro.server.Program:Init(110) ----> Loaded. 
2014-10-09 14:30:23,358 |  INFO | [main] | class pro.server.Program:loadSMSDataTable(216) ----> loadSMSDataTable:data.dat 
2014-10-09 14:30:23,358 |  INFO | [main] | class pro.server.Program:loadSMSDataTable(224) ----> data.dat is empty 
2014-10-09 14:30:23,359 |  INFO | [main] | class pro.server.Program:loadSMSDataTable(267) ----> Deleting.....: data.dat 
2014-10-09 14:30:23,360 |  INFO | [main] | class pro.server.Program:loadSMSDataTable(216) ----> loadSMSDataTable:receivelog.dat 
2014-10-09 14:30:23,360 |  INFO | [main] | class pro.server.Program:loadSMSDataTable(224) ----> receivelog.dat is empty 
2014-10-09 14:30:23,360 |  INFO | [main] | class pro.server.Program:loadSMSDataTable(267) ----> Deleting.....: receivelog.dat 
2014-10-09 14:30:23,361 | DEBUG | [main] | class pro.server.Program:Init(117) ----> Start: LoadMO 
2014-10-09 14:30:23,504 | DEBUG | [main] | class pro.server.Program:Init(132) ----> Start: ExecuteQueue 
2014-10-09 14:30:23,657 | DEBUG | [main] | class pro.server.Program:Init(140) ----> Start: ExecuteInsertReceiveLog 
2014-10-09 14:30:23,775 | DEBUG | [Thread-0] | class pro.server.Program:run(338) ----> Listen MO............................................................... 
2014-10-09 14:30:24,662 | DEBUG | [Thread-20] | class pro.check.CheckConfirmExpire:run(96) ----> ---------------BAT DAU CHECK COMFIRM EXPIRE -------------------- 
2014-10-09 14:30:24,987 | DEBUG | [Thread-20] | class pro.check.CheckConfirmExpire:Sleep(76) ----> CHECK CONFIRM EXPIRE 60 PHUT. 
2014-10-09 14:30:24,987 | DEBUG | [Thread-20] | class pro.check.CheckConfirmExpire:Sleep(77) ----> ---------------KET THUC CHECK CONFIRM EXPIRE-------------------- 
2014-10-09 14:30:31,380 |  INFO | [Thread-9] | class pro.server.ExecuteQueue:run(100) ----> Check Exist Keyword-->ServiceID:9315 || MSISDN:84919438389 || Keyword:Tvshd mk || Info:Tvshd mk || MessageType:0 || ContentType:0 || RequestID:1 || RequestTime:2014-10-09 14:30:31.0 || ChannelType:1 || TenDV: || MaDV: || MO:Tvshd mk ||  Note:Keyword:TVSHD 
2014-10-09 14:30:31,380 |  INFO | [Thread-5] | class pro.server.LoadMO:run(122) ----> LoadMO AddToQueue-->ServiceID:9315 || MSISDN:84919438389 || Keyword:Tvshd mk || Info:Tvshd mk || MessageType:0 || ContentType:0 || RequestID:1 || RequestTime:2014-10-09 14:30:31.0 || ChannelType:1 || TenDV: || MaDV: || MO:Tvshd mk ||  Note:Q:9315[Size:0] 
2014-10-09 14:30:31,383 |  INFO | [Thread-9] | class pro.server.ExecuteQueue:processQueueMsg(180) ----> Call Class Process Keyword-->ServiceID:9315 || MSISDN:84919438389 || Keyword:TVSHD || Info:Tvshd mk || MessageType:0 || ContentType:0 || RequestID:1 || RequestTime:2014-10-09 14:30:31.0 || ChannelType:1 || TenDV: || MaDV: || MO:Tvshd mk ||  Note:ClassName:pro.mo.RequestBuyContentZodiac 
2014-10-09 14:30:40,207 | ERROR | [Thread-9] | class pro.mo.RequestBuyContentZodiac:getMessages(405) ----> -->ServiceID:9315 || MSISDN:84919438389 || Keyword:TVSHD || Info:Tvshd mk || MessageType:0 || ContentType:0 || RequestID:1 || RequestTime:2014-10-09 14:30:31.0 || ChannelType:1 || TenDV: || MaDV: || MO:Tvshd mk ||  Note: 
java.lang.Exception: Index = 0 khong ton tai trong table
	at db.define.MyTableModel.GetRow(MyTableModel.java:109)
	at pro.server.CurrentData.GetNews(CurrentData.java:412)
	at pro.mo.RequestBuyContentZodiac.getMessages(RequestBuyContentZodiac.java:382)
	at pro.server.ContentAbstract.start(ContentAbstract.java:41)
	at pro.server.ExecuteQueue.processQueueMsg(ExecuteQueue.java:187)
	at pro.server.ExecuteQueue.run(ExecuteQueue.java:104)
2014-10-09 14:30:40,731 | DEBUG | [Thread-9] | class pro.mo.RequestBuyContentZodiac:getMessages(413) ----> -->ServiceID:9315 || MSISDN:84919438389 || Keyword:TVSHD || Info:Yeu cau cua Quy Khach chua duoc thuc hien do he thong dang ban. Xin Quy Khach vui long dang ky lai sau. Tran trong cam on. || MessageType:1 || ContentType:21 || RequestID:1 || RequestTime:2014-10-09 14:30:31.0 || ChannelType:1 || TenDV: || MaDV: || MO:Tvshd mk ||  Note: 
2014-10-09 14:30:40,795 | DEBUG | [Thread-9] | class pro.server.ContentAbstract:sendMT(224) ----> ContentAbstract_SEND_MT-->ServiceID:9315 || MSISDN:84919438389 || Keyword:TVSHD || Info:Yeu cau cua Quy Khach chua duoc thuc hien do he thong dang ban. Xin Quy Khach vui long dang ky lai sau. Tran trong cam on. || MessageType:1 || ContentType:0 || RequestID:1 || RequestTime:2014-10-09 14:30:31.0 || ChannelType:1 || TenDV: || MaDV: || MO:Tvshd mk ||  Note:SEND MT THANH CONG 
2014-10-09 14:30:40,795 |  INFO | [Thread-19] | class pro.server.ExecuteInsertReceiveLog:add2SMSReceiveLog(104) ----> add2SMSReceiveLog:84919438389@Tvshd mk 
2014-10-09 14:31:43,059 |  INFO | [Thread-4] | class pro.server.ProcessLoadKeyword:run(115) ----> LoadConfig - Start 
2014-10-09 14:31:44,332 | DEBUG | [main] | class pro.server.Program:Init(110) ----> Loaded. 
2014-10-09 14:31:44,332 |  INFO | [main] | class pro.server.Program:loadSMSDataTable(216) ----> loadSMSDataTable:data.dat 
2014-10-09 14:31:44,333 |  INFO | [main] | class pro.server.Program:loadSMSDataTable(224) ----> data.dat is empty 
2014-10-09 14:31:44,334 |  INFO | [main] | class pro.server.Program:loadSMSDataTable(267) ----> Deleting.....: data.dat 
2014-10-09 14:31:44,334 |  INFO | [main] | class pro.server.Program:loadSMSDataTable(216) ----> loadSMSDataTable:receivelog.dat 
2014-10-09 14:31:44,335 |  INFO | [main] | class pro.server.Program:loadSMSDataTable(224) ----> receivelog.dat is empty 
2014-10-09 14:31:44,335 |  INFO | [main] | class pro.server.Program:loadSMSDataTable(267) ----> Deleting.....: receivelog.dat 
2014-10-09 14:31:44,335 | DEBUG | [main] | class pro.server.Program:Init(117) ----> Start: LoadMO 
2014-10-09 14:31:44,376 | DEBUG | [main] | class pro.server.Program:Init(132) ----> Start: ExecuteQueue 
2014-10-09 14:31:44,482 | DEBUG | [main] | class pro.server.Program:Init(140) ----> Start: ExecuteInsertReceiveLog 
2014-10-09 14:31:44,506 | DEBUG | [Thread-0] | class pro.server.Program:run(338) ----> Listen MO............................................................... 
2014-10-09 14:31:44,650 | DEBUG | [Thread-20] | class pro.check.CheckConfirmExpire:run(96) ----> ---------------BAT DAU CHECK COMFIRM EXPIRE -------------------- 
2014-10-09 14:31:44,684 | DEBUG | [Thread-20] | class pro.check.CheckConfirmExpire:Sleep(76) ----> CHECK CONFIRM EXPIRE 60 PHUT. 
2014-10-09 14:31:44,684 | DEBUG | [Thread-20] | class pro.check.CheckConfirmExpire:Sleep(77) ----> ---------------KET THUC CHECK CONFIRM EXPIRE-------------------- 
2014-10-09 14:31:48,189 |  INFO | [Thread-6] | class pro.server.LoadMO:run(122) ----> LoadMO AddToQueue-->ServiceID:9315 || MSISDN:84919438389 || Keyword:Tvshd KN || Info:Tvshd KN || MessageType:0 || ContentType:0 || RequestID:1 || RequestTime:2014-10-09 14:31:48.0 || ChannelType:1 || TenDV: || MaDV: || MO:Tvshd KN ||  Note:Q:9315[Size:0] 
2014-10-09 14:31:48,189 |  INFO | [Thread-9] | class pro.server.ExecuteQueue:run(100) ----> Check Exist Keyword-->ServiceID:9315 || MSISDN:84919438389 || Keyword:Tvshd KN || Info:Tvshd KN || MessageType:0 || ContentType:0 || RequestID:1 || RequestTime:2014-10-09 14:31:48.0 || ChannelType:1 || TenDV: || MaDV: || MO:Tvshd KN ||  Note:Keyword:TVSHD 
2014-10-09 14:31:48,192 |  INFO | [Thread-9] | class pro.server.ExecuteQueue:processQueueMsg(180) ----> Call Class Process Keyword-->ServiceID:9315 || MSISDN:84919438389 || Keyword:TVSHD || Info:Tvshd KN || MessageType:0 || ContentType:0 || RequestID:1 || RequestTime:2014-10-09 14:31:48.0 || ChannelType:1 || TenDV: || MaDV: || MO:Tvshd KN ||  Note:ClassName:pro.mo.RequestBuyContentZodiac 
2014-10-09 14:31:55,074 | ERROR | [Thread-9] | class pro.mo.RequestBuyContentZodiac:getMessages(405) ----> -->ServiceID:9315 || MSISDN:84919438389 || Keyword:TVSHD || Info:Tvshd KN || MessageType:0 || ContentType:0 || RequestID:1 || RequestTime:2014-10-09 14:31:48.0 || ChannelType:1 || TenDV: || MaDV: || MO:Tvshd KN ||  Note: 
java.lang.Exception: Index = 0 khong ton tai trong table
	at db.define.MyTableModel.GetRow(MyTableModel.java:109)
	at pro.server.CurrentData.GetNews(CurrentData.java:412)
	at pro.mo.RequestBuyContentZodiac.getMessages(RequestBuyContentZodiac.java:382)
	at pro.server.ContentAbstract.start(ContentAbstract.java:41)
	at pro.server.ExecuteQueue.processQueueMsg(ExecuteQueue.java:187)
	at pro.server.ExecuteQueue.run(ExecuteQueue.java:104)
2014-10-09 14:31:55,099 | DEBUG | [Thread-9] | class pro.mo.RequestBuyContentZodiac:getMessages(413) ----> -->ServiceID:9315 || MSISDN:84919438389 || Keyword:TVSHD || Info:Yeu cau cua Quy Khach chua duoc thuc hien do he thong dang ban. Xin Quy Khach vui long dang ky lai sau. Tran trong cam on. || MessageType:1 || ContentType:21 || RequestID:1 || RequestTime:2014-10-09 14:31:48.0 || ChannelType:1 || TenDV: || MaDV: || MO:Tvshd KN ||  Note: 
2014-10-09 14:31:55,104 | DEBUG | [Thread-9] | class pro.server.ContentAbstract:sendMT(224) ----> ContentAbstract_SEND_MT-->ServiceID:9315 || MSISDN:84919438389 || Keyword:TVSHD || Info:Yeu cau cua Quy Khach chua duoc thuc hien do he thong dang ban. Xin Quy Khach vui long dang ky lai sau. Tran trong cam on. || MessageType:1 || ContentType:0 || RequestID:1 || RequestTime:2014-10-09 14:31:48.0 || ChannelType:1 || TenDV: || MaDV: || MO:Tvshd KN ||  Note:SEND MT THANH CONG 
2014-10-09 14:31:55,105 |  INFO | [Thread-19] | class pro.server.ExecuteInsertReceiveLog:add2SMSReceiveLog(104) ----> add2SMSReceiveLog:84919438389@Tvshd KN 
2014-10-09 14:32:23,297 |  INFO | [Thread-7] | class pro.server.LoadMO:run(122) ----> LoadMO AddToQueue-->ServiceID:9315 || MSISDN:84919438389 || Keyword:Tvshd KN || Info:Tvshd KN || MessageType:0 || ContentType:0 || RequestID:1 || RequestTime:2014-10-09 14:32:23.0 || ChannelType:1 || TenDV: || MaDV: || MO:Tvshd KN ||  Note:Q:9315[Size:1] 
2014-10-09 14:32:23,297 |  INFO | [Thread-10] | class pro.server.ExecuteQueue:run(100) ----> Check Exist Keyword-->ServiceID:9315 || MSISDN:84919438389 || Keyword:Tvshd KN || Info:Tvshd KN || MessageType:0 || ContentType:0 || RequestID:1 || RequestTime:2014-10-09 14:32:23.0 || ChannelType:1 || TenDV: || MaDV: || MO:Tvshd KN ||  Note:Keyword:TVSHD 
2014-10-09 14:32:23,298 |  INFO | [Thread-10] | class pro.server.ExecuteQueue:processQueueMsg(180) ----> Call Class Process Keyword-->ServiceID:9315 || MSISDN:84919438389 || Keyword:TVSHD || Info:Tvshd KN || MessageType:0 || ContentType:0 || RequestID:1 || RequestTime:2014-10-09 14:32:23.0 || ChannelType:1 || TenDV: || MaDV: || MO:Tvshd KN ||  Note:ClassName:pro.mo.RequestBuyContentZodiac 
2014-10-09 14:32:48,279 | ERROR | [Thread-10] | class pro.mo.RequestBuyContentZodiac:getMessages(405) ----> -->ServiceID:9315 || MSISDN:84919438389 || Keyword:TVSHD || Info:Tvshd KN || MessageType:0 || ContentType:0 || RequestID:1 || RequestTime:2014-10-09 14:32:23.0 || ChannelType:1 || TenDV: || MaDV: || MO:Tvshd KN ||  Note: 
java.lang.Exception: Index = 0 khong ton tai trong table
	at db.define.MyTableModel.GetRow(MyTableModel.java:109)
	at pro.server.CurrentData.GetNews(CurrentData.java:412)
	at pro.mo.RequestBuyContentZodiac.getMessages(RequestBuyContentZodiac.java:382)
	at pro.server.ContentAbstract.start(ContentAbstract.java:41)
	at pro.server.ExecuteQueue.processQueueMsg(ExecuteQueue.java:187)
	at pro.server.ExecuteQueue.run(ExecuteQueue.java:104)
2014-10-09 14:32:48,340 | DEBUG | [Thread-10] | class pro.mo.RequestBuyContentZodiac:getMessages(413) ----> -->ServiceID:9315 || MSISDN:84919438389 || Keyword:TVSHD || Info:Yeu cau cua Quy Khach chua duoc thuc hien do he thong dang ban. Xin Quy Khach vui long dang ky lai sau. Tran trong cam on. || MessageType:1 || ContentType:21 || RequestID:1 || RequestTime:2014-10-09 14:32:23.0 || ChannelType:1 || TenDV: || MaDV: || MO:Tvshd KN ||  Note: 
2014-10-09 14:32:48,343 | DEBUG | [Thread-10] | class pro.server.ContentAbstract:sendMT(224) ----> ContentAbstract_SEND_MT-->ServiceID:9315 || MSISDN:84919438389 || Keyword:TVSHD || Info:Yeu cau cua Quy Khach chua duoc thuc hien do he thong dang ban. Xin Quy Khach vui long dang ky lai sau. Tran trong cam on. || MessageType:1 || ContentType:0 || RequestID:1 || RequestTime:2014-10-09 14:32:23.0 || ChannelType:1 || TenDV: || MaDV: || MO:Tvshd KN ||  Note:SEND MT THANH CONG 
2014-10-09 14:32:48,343 |  INFO | [Thread-19] | class pro.server.ExecuteInsertReceiveLog:add2SMSReceiveLog(104) ----> add2SMSReceiveLog:84919438389@Tvshd KN 
2014-10-09 14:32:50,983 |  INFO | [Thread-8] | class pro.server.LoadMO:run(122) ----> LoadMO AddToQueue-->ServiceID:9315 || MSISDN:84919438389 || Keyword:Tvshd KN || Info:Tvshd KN || MessageType:0 || ContentType:0 || RequestID:1 || RequestTime:2014-10-09 14:32:50.0 || ChannelType:1 || TenDV: || MaDV: || MO:Tvshd KN ||  Note:Q:9315[Size:1] 
2014-10-09 14:32:50,983 |  INFO | [Thread-11] | class pro.server.ExecuteQueue:run(100) ----> Check Exist Keyword-->ServiceID:9315 || MSISDN:84919438389 || Keyword:Tvshd KN || Info:Tvshd KN || MessageType:0 || ContentType:0 || RequestID:1 || RequestTime:2014-10-09 14:32:50.0 || ChannelType:1 || TenDV: || MaDV: || MO:Tvshd KN ||  Note:Keyword:TVSHD 
2014-10-09 14:32:50,984 |  INFO | [Thread-11] | class pro.server.ExecuteQueue:processQueueMsg(180) ----> Call Class Process Keyword-->ServiceID:9315 || MSISDN:84919438389 || Keyword:TVSHD || Info:Tvshd KN || MessageType:0 || ContentType:0 || RequestID:1 || RequestTime:2014-10-09 14:32:50.0 || ChannelType:1 || TenDV: || MaDV: || MO:Tvshd KN ||  Note:ClassName:pro.mo.RequestBuyContentZodiac 
2014-10-09 14:34:56,830 |  INFO | [Thread-4] | class pro.server.ProcessLoadKeyword:run(115) ----> LoadConfig - Start 
2014-10-09 14:34:58,072 | DEBUG | [main] | class pro.server.Program:Init(110) ----> Loaded. 
2014-10-09 14:34:58,072 |  INFO | [main] | class pro.server.Program:loadSMSDataTable(216) ----> loadSMSDataTable:data.dat 
2014-10-09 14:34:58,074 |  INFO | [main] | class pro.server.Program:loadSMSDataTable(224) ----> data.dat is empty 
2014-10-09 14:34:58,075 |  INFO | [main] | class pro.server.Program:loadSMSDataTable(267) ----> Deleting.....: data.dat 
2014-10-09 14:34:58,075 |  INFO | [main] | class pro.server.Program:loadSMSDataTable(216) ----> loadSMSDataTable:receivelog.dat 
2014-10-09 14:34:58,075 |  INFO | [main] | class pro.server.Program:loadSMSDataTable(224) ----> receivelog.dat is empty 
2014-10-09 14:34:58,076 |  INFO | [main] | class pro.server.Program:loadSMSDataTable(267) ----> Deleting.....: receivelog.dat 
2014-10-09 14:34:58,076 | DEBUG | [main] | class pro.server.Program:Init(117) ----> Start: LoadMO 
2014-10-09 14:34:58,114 | DEBUG | [main] | class pro.server.Program:Init(132) ----> Start: ExecuteQueue 
2014-10-09 14:34:58,243 | DEBUG | [main] | class pro.server.Program:Init(140) ----> Start: ExecuteInsertReceiveLog 
2014-10-09 14:34:58,276 | DEBUG | [Thread-0] | class pro.server.Program:run(338) ----> Listen MO............................................................... 
2014-10-09 14:34:58,364 | DEBUG | [Thread-20] | class pro.check.CheckConfirmExpire:run(96) ----> ---------------BAT DAU CHECK COMFIRM EXPIRE -------------------- 
2014-10-09 14:34:58,385 | DEBUG | [Thread-20] | class pro.check.CheckConfirmExpire:Sleep(76) ----> CHECK CONFIRM EXPIRE 60 PHUT. 
2014-10-09 14:34:58,385 | DEBUG | [Thread-20] | class pro.check.CheckConfirmExpire:Sleep(77) ----> ---------------KET THUC CHECK CONFIRM EXPIRE-------------------- 
2014-10-09 14:35:01,750 |  INFO | [Thread-9] | class pro.server.ExecuteQueue:run(100) ----> Check Exist Keyword-->ServiceID:9315 || MSISDN:84919438389 || Keyword:Tvshd KN || Info:Tvshd KN || MessageType:0 || ContentType:0 || RequestID:1 || RequestTime:2014-10-09 14:35:01.0 || ChannelType:1 || TenDV: || MaDV: || MO:Tvshd KN ||  Note:Keyword:TVSHD 
2014-10-09 14:35:01,750 |  INFO | [Thread-5] | class pro.server.LoadMO:run(122) ----> LoadMO AddToQueue-->ServiceID:9315 || MSISDN:84919438389 || Keyword:Tvshd KN || Info:Tvshd KN || MessageType:0 || ContentType:0 || RequestID:1 || RequestTime:2014-10-09 14:35:01.0 || ChannelType:1 || TenDV: || MaDV: || MO:Tvshd KN ||  Note:Q:9315[Size:0] 
2014-10-09 14:35:01,752 |  INFO | [Thread-9] | class pro.server.ExecuteQueue:processQueueMsg(180) ----> Call Class Process Keyword-->ServiceID:9315 || MSISDN:84919438389 || Keyword:TVSHD || Info:Tvshd KN || MessageType:0 || ContentType:0 || RequestID:1 || RequestTime:2014-10-09 14:35:01.0 || ChannelType:1 || TenDV: || MaDV: || MO:Tvshd KN ||  Note:ClassName:pro.mo.RequestBuyContentZodiac 
2014-10-09 14:35:06,604 | ERROR | [Thread-9] | class pro.mo.RequestBuyContentZodiac:getMessages(405) ----> -->ServiceID:9315 || MSISDN:84919438389 || Keyword:TVSHD || Info:Tvshd KN || MessageType:0 || ContentType:0 || RequestID:1 || RequestTime:2014-10-09 14:35:01.0 || ChannelType:1 || TenDV: || MaDV: || MO:Tvshd KN ||  Note: 
com.microsoft.sqlserver.jdbc.SQLServerException: Violation of PRIMARY KEY constraint 'PK_SubNews'. Cannot insert duplicate key in object 'dbo.SubNews'. The duplicate key value is (1).
	at com.microsoft.sqlserver.jdbc.SQLServerException.makeFromDatabaseError(SQLServerException.java:156)
	at com.microsoft.sqlserver.jdbc.SQLServerStatement.getNextResult(SQLServerStatement.java:1373)
	at com.microsoft.sqlserver.jdbc.SQLServerPreparedStatement.doExecutePreparedStatement(SQLServerPreparedStatement.java:371)
	at com.microsoft.sqlserver.jdbc.SQLServerPreparedStatement$PrepStmtExecCmd.doExecute(SQLServerPreparedStatement.java:322)
	at com.microsoft.sqlserver.jdbc.TDSCommand.execute(IOBuffer.java:4003)
	at com.microsoft.sqlserver.jdbc.SQLServerConnection.executeCommand(SQLServerConnection.java:1550)
	at com.microsoft.sqlserver.jdbc.SQLServerStatement.executeCommand(SQLServerStatement.java:160)
	at com.microsoft.sqlserver.jdbc.SQLServerStatement.executeStatement(SQLServerStatement.java:133)
	at com.microsoft.sqlserver.jdbc.SQLServerPreparedStatement.executeUpdate(SQLServerPreparedStatement.java:290)
	at sun.reflect.NativeMethodAccessorImpl.invoke0(Native Method)
	at sun.reflect.NativeMethodAccessorImpl.invoke(NativeMethodAccessorImpl.java:39)
	at sun.reflect.DelegatingMethodAccessorImpl.invoke(DelegatingMethodAccessorImpl.java:25)
	at java.lang.reflect.Method.invoke(Method.java:597)
	at org.logicalcobwebs.proxool.ProxyStatement.invoke(ProxyStatement.java:100)
	at org.logicalcobwebs.proxool.ProxyStatement.intercept(ProxyStatement.java:57)
	at $java.sql.PreparedStatement$$EnhancerByProxool$$3252ed50.executeUpdate(<generated>)
	at db.connect.MyExecuteData.Execute_Pro(MyExecuteData.java:240)
	at dat.sub.SubNews.Insert(SubNews.java:241)
	at pro.mo.RequestBuyContentZodiac.Insert_SubNews(RequestBuyContentZodiac.java:296)
	at pro.mo.RequestBuyContentZodiac.getMessages(RequestBuyContentZodiac.java:393)
	at pro.server.ContentAbstract.start(ContentAbstract.java:41)
	at pro.server.ExecuteQueue.processQueueMsg(ExecuteQueue.java:187)
	at pro.server.ExecuteQueue.run(ExecuteQueue.java:104)
2014-10-09 14:35:06,631 | DEBUG | [Thread-9] | class pro.mo.RequestBuyContentZodiac:getMessages(413) ----> -->ServiceID:9315 || MSISDN:84919438389 || Keyword:TVSHD || Info:Yeu cau cua Quy Khach chua duoc thuc hien do he thong dang ban. Xin Quy Khach vui long dang ky lai sau. Tran trong cam on. || MessageType:1 || ContentType:21 || RequestID:1 || RequestTime:2014-10-09 14:35:01.0 || ChannelType:1 || TenDV: || MaDV: || MO:Tvshd KN ||  Note: 
2014-10-09 14:35:06,638 | DEBUG | [Thread-9] | class pro.server.ContentAbstract:sendMT(224) ----> ContentAbstract_SEND_MT-->ServiceID:9315 || MSISDN:84919438389 || Keyword:TVSHD || Info:Yeu cau cua Quy Khach chua duoc thuc hien do he thong dang ban. Xin Quy Khach vui long dang ky lai sau. Tran trong cam on. || MessageType:1 || ContentType:0 || RequestID:1 || RequestTime:2014-10-09 14:35:01.0 || ChannelType:1 || TenDV: || MaDV: || MO:Tvshd KN ||  Note:SEND MT THANH CONG 
2014-10-09 14:35:06,639 |  INFO | [Thread-19] | class pro.server.ExecuteInsertReceiveLog:add2SMSReceiveLog(104) ----> add2SMSReceiveLog:84919438389@Tvshd KN 
2014-10-09 14:35:12,707 |  INFO | [Thread-6] | class pro.server.LoadMO:run(122) ----> LoadMO AddToQueue-->ServiceID:9315 || MSISDN:84919438389 || Keyword:Tvshd KN || Info:Tvshd KN || MessageType:0 || ContentType:0 || RequestID:1 || RequestTime:2014-10-09 14:35:12.0 || ChannelType:1 || TenDV: || MaDV: || MO:Tvshd KN ||  Note:Q:9315[Size:1] 
2014-10-09 14:35:12,707 |  INFO | [Thread-10] | class pro.server.ExecuteQueue:run(100) ----> Check Exist Keyword-->ServiceID:9315 || MSISDN:84919438389 || Keyword:Tvshd KN || Info:Tvshd KN || MessageType:0 || ContentType:0 || RequestID:1 || RequestTime:2014-10-09 14:35:12.0 || ChannelType:1 || TenDV: || MaDV: || MO:Tvshd KN ||  Note:Keyword:TVSHD 
2014-10-09 14:35:12,709 |  INFO | [Thread-10] | class pro.server.ExecuteQueue:processQueueMsg(180) ----> Call Class Process Keyword-->ServiceID:9315 || MSISDN:84919438389 || Keyword:TVSHD || Info:Tvshd KN || MessageType:0 || ContentType:0 || RequestID:1 || RequestTime:2014-10-09 14:35:12.0 || ChannelType:1 || TenDV: || MaDV: || MO:Tvshd KN ||  Note:ClassName:pro.mo.RequestBuyContentZodiac 
2014-10-09 14:35:58,430 | ERROR | [Thread-10] | class pro.mo.RequestBuyContentZodiac:getMessages(405) ----> -->ServiceID:9315 || MSISDN:84919438389 || Keyword:TVSHD || Info:Tvshd KN || MessageType:0 || ContentType:0 || RequestID:1 || RequestTime:2014-10-09 14:35:12.0 || ChannelType:1 || TenDV: || MaDV: || MO:Tvshd KN ||  Note: 
com.microsoft.sqlserver.jdbc.SQLServerException: Violation of PRIMARY KEY constraint 'PK_SubNews'. Cannot insert duplicate key in object 'dbo.SubNews'. The duplicate key value is (1).
	at com.microsoft.sqlserver.jdbc.SQLServerException.makeFromDatabaseError(SQLServerException.java:156)
	at com.microsoft.sqlserver.jdbc.SQLServerStatement.getNextResult(SQLServerStatement.java:1373)
	at com.microsoft.sqlserver.jdbc.SQLServerPreparedStatement.doExecutePreparedStatement(SQLServerPreparedStatement.java:371)
	at com.microsoft.sqlserver.jdbc.SQLServerPreparedStatement$PrepStmtExecCmd.doExecute(SQLServerPreparedStatement.java:322)
	at com.microsoft.sqlserver.jdbc.TDSCommand.execute(IOBuffer.java:4003)
	at com.microsoft.sqlserver.jdbc.SQLServerConnection.executeCommand(SQLServerConnection.java:1550)
	at com.microsoft.sqlserver.jdbc.SQLServerStatement.executeCommand(SQLServerStatement.java:160)
	at com.microsoft.sqlserver.jdbc.SQLServerStatement.executeStatement(SQLServerStatement.java:133)
	at com.microsoft.sqlserver.jdbc.SQLServerPreparedStatement.executeUpdate(SQLServerPreparedStatement.java:290)
	at sun.reflect.NativeMethodAccessorImpl.invoke0(Native Method)
	at sun.reflect.NativeMethodAccessorImpl.invoke(NativeMethodAccessorImpl.java:39)
	at sun.reflect.DelegatingMethodAccessorImpl.invoke(DelegatingMethodAccessorImpl.java:25)
	at java.lang.reflect.Method.invoke(Method.java:597)
	at org.logicalcobwebs.proxool.ProxyStatement.invoke(ProxyStatement.java:100)
	at org.logicalcobwebs.proxool.ProxyStatement.intercept(ProxyStatement.java:57)
	at $java.sql.PreparedStatement$$EnhancerByProxool$$3252ed50.executeUpdate(<generated>)
	at db.connect.MyExecuteData.Execute_Pro(MyExecuteData.java:240)
	at dat.sub.SubNews.Insert(SubNews.java:241)
	at pro.mo.RequestBuyContentZodiac.Insert_SubNews(RequestBuyContentZodiac.java:296)
	at pro.mo.RequestBuyContentZodiac.getMessages(RequestBuyContentZodiac.java:393)
	at pro.server.ContentAbstract.start(ContentAbstract.java:41)
	at pro.server.ExecuteQueue.processQueueMsg(ExecuteQueue.java:187)
	at pro.server.ExecuteQueue.run(ExecuteQueue.java:104)
2014-10-09 14:36:07,061 | DEBUG | [Thread-10] | class pro.mo.RequestBuyContentZodiac:getMessages(413) ----> -->ServiceID:9315 || MSISDN:84919438389 || Keyword:TVSHD || Info:Yeu cau cua Quy Khach chua duoc thuc hien do he thong dang ban. Xin Quy Khach vui long dang ky lai sau. Tran trong cam on. || MessageType:1 || ContentType:21 || RequestID:1 || RequestTime:2014-10-09 14:35:12.0 || ChannelType:1 || TenDV: || MaDV: || MO:Tvshd KN ||  Note: 
2014-10-09 14:36:07,065 | DEBUG | [Thread-10] | class pro.server.ContentAbstract:sendMT(224) ----> ContentAbstract_SEND_MT-->ServiceID:9315 || MSISDN:84919438389 || Keyword:TVSHD || Info:Yeu cau cua Quy Khach chua duoc thuc hien do he thong dang ban. Xin Quy Khach vui long dang ky lai sau. Tran trong cam on. || MessageType:1 || ContentType:0 || RequestID:1 || RequestTime:2014-10-09 14:35:12.0 || ChannelType:1 || TenDV: || MaDV: || MO:Tvshd KN ||  Note:SEND MT THANH CONG 
2014-10-09 14:36:07,067 |  INFO | [Thread-19] | class pro.server.ExecuteInsertReceiveLog:add2SMSReceiveLog(104) ----> add2SMSReceiveLog:84919438389@Tvshd KN 
2014-10-09 14:36:27,089 |  INFO | [Thread-7] | class pro.server.LoadMO:run(122) ----> LoadMO AddToQueue-->ServiceID:9315 || MSISDN:84919438389 || Keyword:Tvshd KN || Info:Tvshd KN || MessageType:0 || ContentType:0 || RequestID:1 || RequestTime:2014-10-09 14:36:27.0 || ChannelType:1 || TenDV: || MaDV: || MO:Tvshd KN ||  Note:Q:9315[Size:1] 
2014-10-09 14:36:27,090 |  INFO | [Thread-11] | class pro.server.ExecuteQueue:run(100) ----> Check Exist Keyword-->ServiceID:9315 || MSISDN:84919438389 || Keyword:Tvshd KN || Info:Tvshd KN || MessageType:0 || ContentType:0 || RequestID:1 || RequestTime:2014-10-09 14:36:27.0 || ChannelType:1 || TenDV: || MaDV: || MO:Tvshd KN ||  Note:Keyword:TVSHD 
2014-10-09 14:36:27,091 |  INFO | [Thread-11] | class pro.server.ExecuteQueue:processQueueMsg(180) ----> Call Class Process Keyword-->ServiceID:9315 || MSISDN:84919438389 || Keyword:TVSHD || Info:Tvshd KN || MessageType:0 || ContentType:0 || RequestID:1 || RequestTime:2014-10-09 14:36:27.0 || ChannelType:1 || TenDV: || MaDV: || MO:Tvshd KN ||  Note:ClassName:pro.mo.RequestBuyContentZodiac 
2014-10-09 14:36:36,352 | DEBUG | [Thread-11] | class pro.mo.RequestBuyContentZodiac:getMessages(413) ----> -->ServiceID:9315 || MSISDN:84919438389 || Keyword:TVSHD || Info:Quy khach dang yeu cau su dng goi dich vu Tu van Sao hoang dao, gia cuoc 1000 dong/lan tai, ma so yeu cau la: 1. Soan TV 1 gui 9315 de nhan noi dung yeu cau. Tran trong cam on! || MessageType:1 || ContentType:21 || RequestID:1 || RequestTime:2014-10-09 14:36:27.0 || ChannelType:1 || TenDV: || MaDV: || MO:Tvshd KN ||  Note: 
2014-10-09 14:36:36,356 | DEBUG | [Thread-11] | class pro.server.ContentAbstract:sendMT(224) ----> ContentAbstract_SEND_MT-->ServiceID:9315 || MSISDN:84919438389 || Keyword:TVSHD || Info:Quy khach dang yeu cau su dng goi dich vu Tu van Sao hoang dao, gia cuoc 1000 dong/lan tai, ma so yeu cau la: 1. Soan TV 1 gui 9315 de nhan noi dung yeu cau. Tran trong cam on! || MessageType:1 || ContentType:21 || RequestID:1 || RequestTime:2014-10-09 14:36:27.0 || ChannelType:1 || TenDV: || MaDV: || MO:Tvshd KN ||  Note:SEND MT THANH CONG 
2014-10-09 14:36:36,356 |  INFO | [Thread-19] | class pro.server.ExecuteInsertReceiveLog:add2SMSReceiveLog(104) ----> add2SMSReceiveLog:84919438389@Tvshd KN 
2014-10-09 14:36:52,853 |  INFO | [Thread-8] | class pro.server.LoadMO:run(122) ----> LoadMO AddToQueue-->ServiceID:9315 || MSISDN:84919438389 || Keyword:1 || Info:1 || MessageType:0 || ContentType:0 || RequestID:1 || RequestTime:2014-10-09 14:36:52.0 || ChannelType:1 || TenDV: || MaDV: || MO:1 ||  Note:Q:9315[Size:1] 
2014-10-09 14:36:52,854 |  INFO | [Thread-12] | class pro.server.ExecuteQueue:run(100) ----> Check Exist Keyword-->ServiceID:9315 || MSISDN:84919438389 || Keyword:1 || Info:1 || MessageType:0 || ContentType:0 || RequestID:1 || RequestTime:2014-10-09 14:36:52.0 || ChannelType:1 || TenDV: || MaDV: || MO:1 ||  Note:Keyword:INV 
2014-10-09 14:36:52,858 |  INFO | [Thread-12] | class pro.server.ExecuteQueue:processQueueMsg(180) ----> Call Class Process Keyword-->ServiceID:9315 || MSISDN:84919438389 || Keyword:INV || Info:1 || MessageType:0 || ContentType:0 || RequestID:1 || RequestTime:2014-10-09 14:36:52.0 || ChannelType:1 || TenDV: || MaDV: || MO:1 ||  Note:ClassName:pro.mo.ConfirmBuyContent 
2014-10-09 14:37:26,045 |  INFO | [Thread-5] | class pro.server.LoadMO:run(122) ----> LoadMO AddToQueue-->ServiceID:9315 || MSISDN:84919438389 || Keyword:1 || Info:1 || MessageType:0 || ContentType:0 || RequestID:1 || RequestTime:2014-10-09 14:37:26.0 || ChannelType:1 || TenDV: || MaDV: || MO:1 ||  Note:Q:9315[Size:1] 
2014-10-09 14:37:26,046 |  INFO | [Thread-13] | class pro.server.ExecuteQueue:run(100) ----> Check Exist Keyword-->ServiceID:9315 || MSISDN:84919438389 || Keyword:1 || Info:1 || MessageType:0 || ContentType:0 || RequestID:1 || RequestTime:2014-10-09 14:37:26.0 || ChannelType:1 || TenDV: || MaDV: || MO:1 ||  Note:Keyword:INV 
2014-10-09 14:37:26,047 |  INFO | [Thread-13] | class pro.server.ExecuteQueue:processQueueMsg(180) ----> Call Class Process Keyword-->ServiceID:9315 || MSISDN:84919438389 || Keyword:INV || Info:1 || MessageType:0 || ContentType:0 || RequestID:1 || RequestTime:2014-10-09 14:37:26.0 || ChannelType:1 || TenDV: || MaDV: || MO:1 ||  Note:ClassName:pro.mo.ConfirmBuyContent 
2014-10-09 14:37:36,916 | DEBUG | [Thread-12] | class pro.mo.ConfirmBuyContent:getMessages(480) ----> -->ServiceID:9315 || MSISDN:84919438389 || Keyword:INV || Info:55555555555555555555555555  555555555555555555 || MessageType:1 || ContentType:21 || RequestID:1 || RequestTime:2014-10-09 14:36:52.0 || ChannelType:1 || TenDV: || MaDV: || MO:1 ||  Note: 
2014-10-09 14:37:36,920 | DEBUG | [Thread-12] | class pro.server.ContentAbstract:sendMT(224) ----> ContentAbstract_SEND_MT-->ServiceID:9315 || MSISDN:84919438389 || Keyword:INV || Info:55555555555555555555555555  555555555555555555 || MessageType:1 || ContentType:0 || RequestID:1 || RequestTime:2014-10-09 14:36:52.0 || ChannelType:1 || TenDV: || MaDV: || MO:1 ||  Note:SEND MT THANH CONG 
2014-10-09 14:37:36,921 |  INFO | [Thread-19] | class pro.server.ExecuteInsertReceiveLog:add2SMSReceiveLog(104) ----> add2SMSReceiveLog:84919438389@1 
2014-10-09 14:37:45,602 | DEBUG | [Thread-13] | class pro.mo.ConfirmBuyContent:getMessages(480) ----> -->ServiceID:9315 || MSISDN:84919438389 || Keyword:INV || Info:Yeu cau cua Quy Khach chua duoc thuc hien do he thong dang ban. Xin Quy Khach vui long dang ky lai sau. Tran trong cam on. || MessageType:1 || ContentType:21 || RequestID:1 || RequestTime:2014-10-09 14:37:26.0 || ChannelType:1 || TenDV: || MaDV: || MO:1 ||  Note: 
2014-10-09 14:37:45,607 | DEBUG | [Thread-13] | class pro.server.ContentAbstract:sendMT(224) ----> ContentAbstract_SEND_MT-->ServiceID:9315 || MSISDN:84919438389 || Keyword:INV || Info:Yeu cau cua Quy Khach chua duoc thuc hien do he thong dang ban. Xin Quy Khach vui long dang ky lai sau. Tran trong cam on. || MessageType:1 || ContentType:0 || RequestID:1 || RequestTime:2014-10-09 14:37:26.0 || ChannelType:1 || TenDV: || MaDV: || MO:1 ||  Note:SEND MT THANH CONG 
2014-10-09 14:37:45,607 |  INFO | [Thread-19] | class pro.server.ExecuteInsertReceiveLog:add2SMSReceiveLog(104) ----> add2SMSReceiveLog:84919438389@1 
2014-10-09 14:38:07,323 |  INFO | [Thread-6] | class pro.server.LoadMO:run(122) ----> LoadMO AddToQueue-->ServiceID:9315 || MSISDN:84919438389 || Keyword:Tvshd KN || Info:Tvshd KN || MessageType:0 || ContentType:0 || RequestID:1 || RequestTime:2014-10-09 14:38:07.0 || ChannelType:1 || TenDV: || MaDV: || MO:Tvshd KN ||  Note:Q:9315[Size:1] 
2014-10-09 14:38:07,323 |  INFO | [Thread-14] | class pro.server.ExecuteQueue:run(100) ----> Check Exist Keyword-->ServiceID:9315 || MSISDN:84919438389 || Keyword:Tvshd KN || Info:Tvshd KN || MessageType:0 || ContentType:0 || RequestID:1 || RequestTime:2014-10-09 14:38:07.0 || ChannelType:1 || TenDV: || MaDV: || MO:Tvshd KN ||  Note:Keyword:TVSHD 
2014-10-09 14:38:07,324 |  INFO | [Thread-14] | class pro.server.ExecuteQueue:processQueueMsg(180) ----> Call Class Process Keyword-->ServiceID:9315 || MSISDN:84919438389 || Keyword:TVSHD || Info:Tvshd KN || MessageType:0 || ContentType:0 || RequestID:1 || RequestTime:2014-10-09 14:38:07.0 || ChannelType:1 || TenDV: || MaDV: || MO:Tvshd KN ||  Note:ClassName:pro.mo.RequestBuyContentZodiac 
2014-10-09 14:38:11,535 | DEBUG | [Thread-14] | class pro.mo.RequestBuyContentZodiac:getMessages(413) ----> -->ServiceID:9315 || MSISDN:84919438389 || Keyword:TVSHD || Info:Quy khach dang yeu cau su dng goi dich vu Tu van Sao hoang dao, gia cuoc 1000 dong/lan tai, ma so yeu cau la: 2. Soan TV 2 gui 9315 de nhan noi dung yeu cau. Tran trong cam on! || MessageType:1 || ContentType:21 || RequestID:1 || RequestTime:2014-10-09 14:38:07.0 || ChannelType:1 || TenDV: || MaDV: || MO:Tvshd KN ||  Note: 
2014-10-09 14:38:11,540 | DEBUG | [Thread-14] | class pro.server.ContentAbstract:sendMT(224) ----> ContentAbstract_SEND_MT-->ServiceID:9315 || MSISDN:84919438389 || Keyword:TVSHD || Info:Quy khach dang yeu cau su dng goi dich vu Tu van Sao hoang dao, gia cuoc 1000 dong/lan tai, ma so yeu cau la: 2. Soan TV 2 gui 9315 de nhan noi dung yeu cau. Tran trong cam on! || MessageType:1 || ContentType:21 || RequestID:1 || RequestTime:2014-10-09 14:38:07.0 || ChannelType:1 || TenDV: || MaDV: || MO:Tvshd KN ||  Note:SEND MT THANH CONG 
2014-10-09 14:38:11,540 |  INFO | [Thread-19] | class pro.server.ExecuteInsertReceiveLog:add2SMSReceiveLog(104) ----> add2SMSReceiveLog:84919438389@Tvshd KN 
2014-10-09 14:38:32,066 |  INFO | [Thread-7] | class pro.server.LoadMO:run(122) ----> LoadMO AddToQueue-->ServiceID:9315 || MSISDN:84919438389 || Keyword:1 || Info:1 || MessageType:0 || ContentType:0 || RequestID:1 || RequestTime:2014-10-09 14:38:31.0 || ChannelType:1 || TenDV: || MaDV: || MO:1 ||  Note:Q:9315[Size:1] 
2014-10-09 14:38:32,066 |  INFO | [Thread-15] | class pro.server.ExecuteQueue:run(100) ----> Check Exist Keyword-->ServiceID:9315 || MSISDN:84919438389 || Keyword:1 || Info:1 || MessageType:0 || ContentType:0 || RequestID:1 || RequestTime:2014-10-09 14:38:31.0 || ChannelType:1 || TenDV: || MaDV: || MO:1 ||  Note:Keyword:INV 
2014-10-09 14:38:32,068 |  INFO | [Thread-15] | class pro.server.ExecuteQueue:processQueueMsg(180) ----> Call Class Process Keyword-->ServiceID:9315 || MSISDN:84919438389 || Keyword:INV || Info:1 || MessageType:0 || ContentType:0 || RequestID:1 || RequestTime:2014-10-09 14:38:31.0 || ChannelType:1 || TenDV: || MaDV: || MO:1 ||  Note:ClassName:pro.mo.ConfirmBuyContent 
2014-10-09 14:38:41,374 | DEBUG | [Thread-15] | class pro.mo.ConfirmBuyContent:getMessages(480) ----> -->ServiceID:9315 || MSISDN:84919438389 || Keyword:INV || Info:Yeu cau cua Quy Khach chua duoc thuc hien do he thong dang ban. Xin Quy Khach vui long dang ky lai sau. Tran trong cam on. || MessageType:1 || ContentType:21 || RequestID:1 || RequestTime:2014-10-09 14:38:31.0 || ChannelType:1 || TenDV: || MaDV: || MO:1 ||  Note: 
2014-10-09 14:38:41,378 | DEBUG | [Thread-15] | class pro.server.ContentAbstract:sendMT(224) ----> ContentAbstract_SEND_MT-->ServiceID:9315 || MSISDN:84919438389 || Keyword:INV || Info:Yeu cau cua Quy Khach chua duoc thuc hien do he thong dang ban. Xin Quy Khach vui long dang ky lai sau. Tran trong cam on. || MessageType:1 || ContentType:0 || RequestID:1 || RequestTime:2014-10-09 14:38:31.0 || ChannelType:1 || TenDV: || MaDV: || MO:1 ||  Note:SEND MT THANH CONG 
2014-10-09 14:38:41,378 |  INFO | [Thread-19] | class pro.server.ExecuteInsertReceiveLog:add2SMSReceiveLog(104) ----> add2SMSReceiveLog:84919438389@1 
2014-10-09 14:38:55,691 |  INFO | [Thread-17] | class pro.server.ExecuteQueue:run(100) ----> Check Exist Keyword-->ServiceID:9315 || MSISDN:84919438389 || Keyword:Tvshd KN || Info:Tvshd KN || MessageType:0 || ContentType:0 || RequestID:1 || RequestTime:2014-10-09 14:38:55.0 || ChannelType:1 || TenDV: || MaDV: || MO:Tvshd KN ||  Note:Keyword:TVSHD 
2014-10-09 14:38:55,691 |  INFO | [Thread-8] | class pro.server.LoadMO:run(122) ----> LoadMO AddToQueue-->ServiceID:9315 || MSISDN:84919438389 || Keyword:Tvshd KN || Info:Tvshd KN || MessageType:0 || ContentType:0 || RequestID:1 || RequestTime:2014-10-09 14:38:55.0 || ChannelType:1 || TenDV: || MaDV: || MO:Tvshd KN ||  Note:Q:9315[Size:1] 
2014-10-09 14:38:55,691 |  INFO | [Thread-17] | class pro.server.ExecuteQueue:processQueueMsg(180) ----> Call Class Process Keyword-->ServiceID:9315 || MSISDN:84919438389 || Keyword:TVSHD || Info:Tvshd KN || MessageType:0 || ContentType:0 || RequestID:1 || RequestTime:2014-10-09 14:38:55.0 || ChannelType:1 || TenDV: || MaDV: || MO:Tvshd KN ||  Note:ClassName:pro.mo.RequestBuyContentZodiac 
2014-10-09 14:38:59,597 | DEBUG | [Thread-17] | class pro.mo.RequestBuyContentZodiac:getMessages(413) ----> -->ServiceID:9315 || MSISDN:84919438389 || Keyword:TVSHD || Info:Quy khach dang yeu cau su dng goi dich vu Tu van Sao hoang dao, gia cuoc 1000 dong/lan tai, ma so yeu cau la: 3. Soan TV 3 gui 9315 de nhan noi dung yeu cau. Tran trong cam on! || MessageType:1 || ContentType:21 || RequestID:1 || RequestTime:2014-10-09 14:38:55.0 || ChannelType:1 || TenDV: || MaDV: || MO:Tvshd KN ||  Note: 
2014-10-09 14:38:59,601 | DEBUG | [Thread-17] | class pro.server.ContentAbstract:sendMT(224) ----> ContentAbstract_SEND_MT-->ServiceID:9315 || MSISDN:84919438389 || Keyword:TVSHD || Info:Quy khach dang yeu cau su dng goi dich vu Tu van Sao hoang dao, gia cuoc 1000 dong/lan tai, ma so yeu cau la: 3. Soan TV 3 gui 9315 de nhan noi dung yeu cau. Tran trong cam on! || MessageType:1 || ContentType:21 || RequestID:1 || RequestTime:2014-10-09 14:38:55.0 || ChannelType:1 || TenDV: || MaDV: || MO:Tvshd KN ||  Note:SEND MT THANH CONG 
2014-10-09 14:38:59,602 |  INFO | [Thread-19] | class pro.server.ExecuteInsertReceiveLog:add2SMSReceiveLog(104) ----> add2SMSReceiveLog:84919438389@Tvshd KN 
2014-10-09 14:39:20,272 |  INFO | [Thread-5] | class pro.server.LoadMO:run(122) ----> LoadMO AddToQueue-->ServiceID:9315 || MSISDN:84919438389 || Keyword:1 || Info:1 || MessageType:0 || ContentType:0 || RequestID:1 || RequestTime:2014-10-09 14:39:20.0 || ChannelType:1 || TenDV: || MaDV: || MO:1 ||  Note:Q:9315[Size:1] 
2014-10-09 14:39:20,274 |  INFO | [Thread-16] | class pro.server.ExecuteQueue:run(100) ----> Check Exist Keyword-->ServiceID:9315 || MSISDN:84919438389 || Keyword:1 || Info:1 || MessageType:0 || ContentType:0 || RequestID:1 || RequestTime:2014-10-09 14:39:20.0 || ChannelType:1 || TenDV: || MaDV: || MO:1 ||  Note:Keyword:INV 
2014-10-09 14:39:20,275 |  INFO | [Thread-16] | class pro.server.ExecuteQueue:processQueueMsg(180) ----> Call Class Process Keyword-->ServiceID:9315 || MSISDN:84919438389 || Keyword:INV || Info:1 || MessageType:0 || ContentType:0 || RequestID:1 || RequestTime:2014-10-09 14:39:20.0 || ChannelType:1 || TenDV: || MaDV: || MO:1 ||  Note:ClassName:pro.mo.ConfirmBuyContent 
2014-10-09 14:39:32,075 | DEBUG | [Thread-16] | class pro.mo.ConfirmBuyContent:getMessages(480) ----> -->ServiceID:9315 || MSISDN:84919438389 || Keyword:INV || Info:Yeu cau cua Quy Khach chua duoc thuc hien do he thong dang ban. Xin Quy Khach vui long dang ky lai sau. Tran trong cam on. || MessageType:1 || ContentType:21 || RequestID:1 || RequestTime:2014-10-09 14:39:20.0 || ChannelType:1 || TenDV: || MaDV: || MO:1 ||  Note: 
2014-10-09 14:39:32,077 | DEBUG | [Thread-16] | class pro.server.ContentAbstract:sendMT(224) ----> ContentAbstract_SEND_MT-->ServiceID:9315 || MSISDN:84919438389 || Keyword:INV || Info:Yeu cau cua Quy Khach chua duoc thuc hien do he thong dang ban. Xin Quy Khach vui long dang ky lai sau. Tran trong cam on. || MessageType:1 || ContentType:0 || RequestID:1 || RequestTime:2014-10-09 14:39:20.0 || ChannelType:1 || TenDV: || MaDV: || MO:1 ||  Note:SEND MT THANH CONG 
2014-10-09 14:39:32,078 |  INFO | [Thread-19] | class pro.server.ExecuteInsertReceiveLog:add2SMSReceiveLog(104) ----> add2SMSReceiveLog:84919438389@1 
2014-10-09 14:39:45,465 |  INFO | [Thread-6] | class pro.server.LoadMO:run(122) ----> LoadMO AddToQueue-->ServiceID:9315 || MSISDN:84919438389 || Keyword:2 || Info:2 || MessageType:0 || ContentType:0 || RequestID:1 || RequestTime:2014-10-09 14:39:45.0 || ChannelType:1 || TenDV: || MaDV: || MO:2 ||  Note:Q:9315[Size:1] 
2014-10-09 14:39:45,465 |  INFO | [Thread-18] | class pro.server.ExecuteQueue:run(100) ----> Check Exist Keyword-->ServiceID:9315 || MSISDN:84919438389 || Keyword:2 || Info:2 || MessageType:0 || ContentType:0 || RequestID:1 || RequestTime:2014-10-09 14:39:45.0 || ChannelType:1 || TenDV: || MaDV: || MO:2 ||  Note:Keyword:INV 
2014-10-09 14:39:45,466 |  INFO | [Thread-18] | class pro.server.ExecuteQueue:processQueueMsg(180) ----> Call Class Process Keyword-->ServiceID:9315 || MSISDN:84919438389 || Keyword:INV || Info:2 || MessageType:0 || ContentType:0 || RequestID:1 || RequestTime:2014-10-09 14:39:45.0 || ChannelType:1 || TenDV: || MaDV: || MO:2 ||  Note:ClassName:pro.mo.ConfirmBuyContent 
2014-10-09 14:40:32,982 | DEBUG | [Thread-18] | class pro.mo.ConfirmBuyContent:getMessages(480) ----> -->ServiceID:9315 || MSISDN:84919438389 || Keyword:INV || Info:55555555555555555555555555  555555555555555555 || MessageType:1 || ContentType:21 || RequestID:1 || RequestTime:2014-10-09 14:39:45.0 || ChannelType:1 || TenDV: || MaDV: || MO:2 ||  Note: 
2014-10-09 14:40:37,302 | DEBUG | [Thread-18] | class pro.server.ContentAbstract:sendMT(224) ----> ContentAbstract_SEND_MT-->ServiceID:9315 || MSISDN:84919438389 || Keyword:INV || Info:55555555555555555555555555  555555555555555555 || MessageType:1 || ContentType:0 || RequestID:1 || RequestTime:2014-10-09 14:39:45.0 || ChannelType:1 || TenDV: || MaDV: || MO:2 ||  Note:SEND MT THANH CONG 
2014-10-09 14:40:37,303 |  INFO | [Thread-19] | class pro.server.ExecuteInsertReceiveLog:add2SMSReceiveLog(104) ----> add2SMSReceiveLog:84919438389@2 
2014-10-09 14:50:28,769 |  INFO | [Thread-4] | class pro.server.ProcessLoadKeyword:run(115) ----> LoadConfig - Start 
2014-10-09 14:50:30,116 | DEBUG | [main] | class pro.server.Program:Init(110) ----> Loaded. 
2014-10-09 14:50:30,117 |  INFO | [main] | class pro.server.Program:loadSMSDataTable(216) ----> loadSMSDataTable:data.dat 
2014-10-09 14:50:30,118 |  INFO | [main] | class pro.server.Program:loadSMSDataTable(224) ----> data.dat is empty 
2014-10-09 14:50:30,119 |  INFO | [main] | class pro.server.Program:loadSMSDataTable(267) ----> Deleting.....: data.dat 
2014-10-09 14:50:30,119 |  INFO | [main] | class pro.server.Program:loadSMSDataTable(216) ----> loadSMSDataTable:receivelog.dat 
2014-10-09 14:50:30,120 |  INFO | [main] | class pro.server.Program:loadSMSDataTable(224) ----> receivelog.dat is empty 
2014-10-09 14:50:30,121 |  INFO | [main] | class pro.server.Program:loadSMSDataTable(267) ----> Deleting.....: receivelog.dat 
2014-10-09 14:50:30,121 | DEBUG | [main] | class pro.server.Program:Init(117) ----> Start: LoadMO 
2014-10-09 14:50:30,192 | DEBUG | [main] | class pro.server.Program:Init(132) ----> Start: ExecuteQueue 
2014-10-09 14:50:30,309 | DEBUG | [main] | class pro.server.Program:Init(140) ----> Start: ExecuteInsertReceiveLog 
2014-10-09 14:50:30,355 | DEBUG | [Thread-0] | class pro.server.Program:run(338) ----> Listen MO............................................................... 
2014-10-09 14:50:30,491 | DEBUG | [Thread-20] | class pro.check.CheckConfirmExpire:run(96) ----> ---------------BAT DAU CHECK COMFIRM EXPIRE -------------------- 
2014-10-09 14:50:30,515 | DEBUG | [Thread-20] | class pro.check.CheckConfirmExpire:Sleep(76) ----> CHECK CONFIRM EXPIRE 60 PHUT. 
2014-10-09 14:50:30,516 | DEBUG | [Thread-20] | class pro.check.CheckConfirmExpire:Sleep(77) ----> ---------------KET THUC CHECK CONFIRM EXPIRE-------------------- 
2014-10-09 14:50:39,371 |  INFO | [Thread-7] | class pro.server.LoadMO:run(122) ----> LoadMO AddToQueue-->ServiceID:9315 || MSISDN:84919438389 || Keyword:Tvshd KN || Info:Tvshd KN || MessageType:0 || ContentType:0 || RequestID:1 || RequestTime:2014-10-09 14:50:39.0 || ChannelType:1 || TenDV: || MaDV: || MO:Tvshd KN ||  Note:Q:9315[Size:1] 
2014-10-09 14:50:39,372 |  INFO | [Thread-9] | class pro.server.ExecuteQueue:run(100) ----> Check Exist Keyword-->ServiceID:9315 || MSISDN:84919438389 || Keyword:Tvshd KN || Info:Tvshd KN || MessageType:0 || ContentType:0 || RequestID:1 || RequestTime:2014-10-09 14:50:39.0 || ChannelType:1 || TenDV: || MaDV: || MO:Tvshd KN ||  Note:Keyword:TVSHD 
2014-10-09 14:50:39,374 |  INFO | [Thread-9] | class pro.server.ExecuteQueue:processQueueMsg(180) ----> Call Class Process Keyword-->ServiceID:9315 || MSISDN:84919438389 || Keyword:TVSHD || Info:Tvshd KN || MessageType:0 || ContentType:0 || RequestID:1 || RequestTime:2014-10-09 14:50:39.0 || ChannelType:1 || TenDV: || MaDV: || MO:Tvshd KN ||  Note:ClassName:pro.mo.RequestBuyContentZodiac 
2014-10-09 14:50:44,503 | DEBUG | [Thread-9] | class pro.mo.RequestBuyContentZodiac:getMessages(413) ----> -->ServiceID:9315 || MSISDN:84919438389 || Keyword:TVSHD || Info:Quy khach dang yeu cau su dng goi dich vu Tu van Sao hoang dao, gia cuoc 1000 dong/lan tai, ma so yeu cau la: 4. Soan TV 4 gui 9315 de nhan noi dung yeu cau. Tran trong cam on! || MessageType:1 || ContentType:21 || RequestID:1 || RequestTime:2014-10-09 14:50:39.0 || ChannelType:1 || TenDV: || MaDV: || MO:Tvshd KN ||  Note: 
2014-10-09 14:50:44,516 | DEBUG | [Thread-9] | class pro.server.ContentAbstract:sendMT(224) ----> ContentAbstract_SEND_MT-->ServiceID:9315 || MSISDN:84919438389 || Keyword:TVSHD || Info:Quy khach dang yeu cau su dng goi dich vu Tu van Sao hoang dao, gia cuoc 1000 dong/lan tai, ma so yeu cau la: 4. Soan TV 4 gui 9315 de nhan noi dung yeu cau. Tran trong cam on! || MessageType:1 || ContentType:21 || RequestID:1 || RequestTime:2014-10-09 14:50:39.0 || ChannelType:1 || TenDV: || MaDV: || MO:Tvshd KN ||  Note:SEND MT THANH CONG 
2014-10-09 14:50:44,517 |  INFO | [Thread-19] | class pro.server.ExecuteInsertReceiveLog:add2SMSReceiveLog(104) ----> add2SMSReceiveLog:84919438389@Tvshd KN 
2014-10-09 15:01:17,466 |  INFO | [Thread-8] | class pro.server.LoadMO:run(122) ----> LoadMO AddToQueue-->ServiceID:9315 || MSISDN:84919438389 || Keyword:2 || Info:2 || MessageType:0 || ContentType:0 || RequestID:1 || RequestTime:2014-10-09 15:01:17.0 || ChannelType:1 || TenDV: || MaDV: || MO:2 ||  Note:Q:9315[Size:0] 
2014-10-09 15:01:17,467 |  INFO | [Thread-10] | class pro.server.ExecuteQueue:run(100) ----> Check Exist Keyword-->ServiceID:9315 || MSISDN:84919438389 || Keyword:2 || Info:2 || MessageType:0 || ContentType:0 || RequestID:1 || RequestTime:2014-10-09 15:01:17.0 || ChannelType:1 || TenDV: || MaDV: || MO:2 ||  Note:Keyword:INV 
2014-10-09 15:01:17,469 |  INFO | [Thread-10] | class pro.server.ExecuteQueue:processQueueMsg(180) ----> Call Class Process Keyword-->ServiceID:9315 || MSISDN:84919438389 || Keyword:INV || Info:2 || MessageType:0 || ContentType:0 || RequestID:1 || RequestTime:2014-10-09 15:01:17.0 || ChannelType:1 || TenDV: || MaDV: || MO:2 ||  Note:ClassName:pro.mo.ConfirmBuyContent 
2014-10-09 15:04:06,875 |  INFO | [Thread-4] | class pro.server.ProcessLoadKeyword:run(115) ----> LoadConfig - Start 
2014-10-09 15:04:08,140 | DEBUG | [main] | class pro.server.Program:Init(110) ----> Loaded. 
2014-10-09 15:04:08,141 |  INFO | [main] | class pro.server.Program:loadSMSDataTable(216) ----> loadSMSDataTable:data.dat 
2014-10-09 15:04:08,141 |  INFO | [main] | class pro.server.Program:loadSMSDataTable(224) ----> data.dat is empty 
2014-10-09 15:04:08,142 |  INFO | [main] | class pro.server.Program:loadSMSDataTable(267) ----> Deleting.....: data.dat 
2014-10-09 15:04:08,142 |  INFO | [main] | class pro.server.Program:loadSMSDataTable(216) ----> loadSMSDataTable:receivelog.dat 
2014-10-09 15:04:08,143 |  INFO | [main] | class pro.server.Program:loadSMSDataTable(224) ----> receivelog.dat is empty 
2014-10-09 15:04:08,144 |  INFO | [main] | class pro.server.Program:loadSMSDataTable(267) ----> Deleting.....: receivelog.dat 
2014-10-09 15:04:08,144 | DEBUG | [main] | class pro.server.Program:Init(117) ----> Start: LoadMO 
2014-10-09 15:04:08,180 | DEBUG | [main] | class pro.server.Program:Init(132) ----> Start: ExecuteQueue 
2014-10-09 15:04:08,323 | DEBUG | [main] | class pro.server.Program:Init(140) ----> Start: ExecuteInsertReceiveLog 
2014-10-09 15:04:08,365 | DEBUG | [Thread-0] | class pro.server.Program:run(338) ----> Listen MO............................................................... 
2014-10-09 15:04:08,436 | DEBUG | [Thread-20] | class pro.check.CheckConfirmExpire:run(96) ----> ---------------BAT DAU CHECK COMFIRM EXPIRE -------------------- 
2014-10-09 15:04:08,472 |  INFO | [Thread-20] | class pro.check.CheckConfirmExpire:run(126) ----> Pust MT Notify Expire OK -->MSISDN:8491943838984919438389|NewsID:3|ServiceID:4 
2014-10-09 15:04:08,472 |  INFO | [Thread-20] | class pro.check.CheckConfirmExpire:run(135) ----> PushExpireMT Delay: 33 
2014-10-09 15:04:08,577 | DEBUG | [Thread-20] | class pro.check.CheckConfirmExpire:Sleep(76) ----> CHECK CONFIRM EXPIRE 60 PHUT. 
2014-10-09 15:04:08,579 | DEBUG | [Thread-20] | class pro.check.CheckConfirmExpire:Sleep(77) ----> ---------------KET THUC CHECK CONFIRM EXPIRE-------------------- 
2014-10-09 15:04:13,690 |  INFO | [Thread-5] | class pro.server.LoadMO:run(122) ----> LoadMO AddToQueue-->ServiceID:9315 || MSISDN:84919438389 || Keyword:2 || Info:2 || MessageType:0 || ContentType:0 || RequestID:1 || RequestTime:2014-10-09 15:04:13.0 || ChannelType:1 || TenDV: || MaDV: || MO:2 ||  Note:Q:9315[Size:1] 
2014-10-09 15:04:13,692 |  INFO | [Thread-9] | class pro.server.ExecuteQueue:run(100) ----> Check Exist Keyword-->ServiceID:9315 || MSISDN:84919438389 || Keyword:2 || Info:2 || MessageType:0 || ContentType:0 || RequestID:1 || RequestTime:2014-10-09 15:04:13.0 || ChannelType:1 || TenDV: || MaDV: || MO:2 ||  Note:Keyword:INV 
2014-10-09 15:04:13,693 |  INFO | [Thread-9] | class pro.server.ExecuteQueue:processQueueMsg(180) ----> Call Class Process Keyword-->ServiceID:9315 || MSISDN:84919438389 || Keyword:INV || Info:2 || MessageType:0 || ContentType:0 || RequestID:1 || RequestTime:2014-10-09 15:04:13.0 || ChannelType:1 || TenDV: || MaDV: || MO:2 ||  Note:ClassName:pro.mo.ConfirmBuyContent 
2014-10-09 15:04:17,253 | DEBUG | [Thread-9] | class pro.mo.ConfirmBuyContent:getMessages(481) ----> -->ServiceID:9315 || MSISDN:84919438389 || Keyword:INV || Info:Ma so xac nhan cua ban khong chinh xac, vui long gui lai tin nhan xac nhan dich vu. || MessageType:1 || ContentType:21 || RequestID:1 || RequestTime:2014-10-09 15:04:13.0 || ChannelType:1 || TenDV: || MaDV: || MO:2 ||  Note: 
2014-10-09 15:04:17,257 | DEBUG | [Thread-9] | class pro.server.ContentAbstract:sendMT(224) ----> ContentAbstract_SEND_MT-->ServiceID:9315 || MSISDN:84919438389 || Keyword:INV || Info:Ma so xac nhan cua ban khong chinh xac, vui long gui lai tin nhan xac nhan dich vu. || MessageType:1 || ContentType:0 || RequestID:1 || RequestTime:2014-10-09 15:04:13.0 || ChannelType:1 || TenDV: || MaDV: || MO:2 ||  Note:SEND MT THANH CONG 
2014-10-09 15:04:17,258 |  INFO | [Thread-19] | class pro.server.ExecuteInsertReceiveLog:add2SMSReceiveLog(104) ----> add2SMSReceiveLog:84919438389@2 
